<?xml version="1.0" encoding="UTF-8"?>
<testsuite xmlns:xsi="http://www.w3.org/2001/XMLSchema-instance" xsi:noNamespaceSchemaLocation="https://maven.apache.org/surefire/maven-surefire-plugin/xsd/surefire-test-report.xsd" name="edu.gzhh.forum.util.TestMapper" time="3.097" tests="10" errors="1" skipped="0" failures="0">
  <properties>
[...]
</properties>
  <testcase name="test01" classname="edu.gzhh.forum.util.TestMapper" time="0.147"/>
  <testcase name="test02" classname="edu.gzhh.forum.util.TestMapper" time="0.018"/>
  <testcase name="text01" classname="edu.gzhh.forum.util.TestMapper" time="0.002"/>
  <testcase name="text04" classname="edu.gzhh.forum.util.TestMapper" time="0.118"/>
  <testcase name="text05" classname="edu.gzhh.forum.util.TestMapper" time="0.053">
    <error message="&#10;### Error updating database.  Cause: java.sql.SQLException: Field &apos;topicId&apos; doesn&apos;t have a default value&#10;### The error may exist in edu/gzhh/forum/mapper/SensitivityMapper.java (best guess)&#10;### The error may involve edu.gzhh.forum.mapper.SensitivityMapper.insert-Inline&#10;### The error occurred while setting parameters&#10;### SQL: INSERT INTO sensitivity  ( type,  cid, content, senWord,  audit )  VALUES  ( ?,  ?, ?, ?,  ? )&#10;### Cause: java.sql.SQLException: Field &apos;topicId&apos; doesn&apos;t have a default value&#10;; Field &apos;topicId&apos; doesn&apos;t have a default value; nested exception is java.sql.SQLException: Field &apos;topicId&apos; doesn&apos;t have a default value" type="org.springframework.dao.DataIntegrityViolationException">org.springframework.dao.DataIntegrityViolationException: 

### Error updating database.  Cause: java.sql.SQLException: Field 'topicId' doesn't have a default value
### The error may exist in edu/gzhh/forum/mapper/SensitivityMapper.java (best guess)
### The error may involve edu.gzhh.forum.mapper.SensitivityMapper.insert-Inline
### The error occurred while setting parameters
### SQL: INSERT INTO sensitivity  ( type,  cid, content, senWord,  audit )  VALUES  ( ?,  ?, ?, ?,  ? )
### Cause: java.sql.SQLException: Field 'topicId' doesn't have a default value
; Field 'topicId' doesn't have a default value; nested exception is java.sql.SQLException: Field 'topicId' doesn't have a default value
	at edu.gzhh.forum.util.TestMapper.text05(TestMapper.java:115)
Caused by: java.sql.SQLException: Field 'topicId' doesn't have a default value
	at edu.gzhh.forum.util.TestMapper.text05(TestMapper.java:115)
</error>
    <system-out><![CDATA[Creating a new SqlSession
SqlSession [org.apache.ibatis.session.defaults.DefaultSqlSession@4779df3d] was not registered for synchronization because synchronization is not active
JDBC Connection [HikariProxyConnection@1056439044 wrapping com.mysql.cj.jdbc.ConnectionImpl@17909bea] will not be managed by Spring
==>  Preparing: INSERT INTO sensitivity ( type, cid, content, senWord, audit ) VALUES ( ?, ?, ?, ?, ? )
==> Parameters: topic(String), 12(Long), sdas(String), sda(String), 0(Integer)
Closing non transactional SqlSession [org.apache.ibatis.session.defaults.DefaultSqlSession@4779df3d]
审核结束2022-04-11 21:31:47
开始自动审核评论定时任务
Creating a new SqlSession
SqlSession [org.apache.ibatis.session.defaults.DefaultSqlSession@29729af3] was not registered for synchronization because synchronization is not active
JDBC Connection [HikariProxyConnection@1450207161 wrapping com.mysql.cj.jdbc.ConnectionImpl@17909bea] will not be managed by Spring
==>  Preparing: SELECT comment_id,uid,toUid,topicId,content,postTime,totalReply,audit FROM comment WHERE (audit = ?)
==> Parameters: 0(Integer)
<==      Total: 0
Closing non transactional SqlSession [org.apache.ibatis.session.defaults.DefaultSqlSession@29729af3]
无需要审核的评论
审核结束2022-04-11 21:31:47
Creating a new SqlSession
SqlSession [org.apache.ibatis.session.defaults.DefaultSqlSession@7338fd6c] was not registered for synchronization because synchronization is not active
JDBC Connection [HikariProxyConnection@1676927442 wrapping com.mysql.cj.jdbc.ConnectionImpl@17909bea] will not be managed by Spring
==>  Preparing: select cid from sensitivity where type=? and audit=?
==> Parameters: topic(String), 1(Integer)
]]></system-out>
  </testcase>
  <testcase name="text06" classname="edu.gzhh.forum.util.TestMapper" time="0.039"/>
  <testcase name="text07" classname="edu.gzhh.forum.util.TestMapper" time="0.001"/>
  <testcase name="test" classname="edu.gzhh.forum.util.TestMapper" time="0.001"/>
  <testcase name="testlabelservice" classname="edu.gzhh.forum.util.TestMapper" time="0.024"/>
  <testcase name="testService" classname="edu.gzhh.forum.util.TestMapper" time="0.026"/>
</testsuite>